<?xml version="1.0" encoding="UTF-8" ?>
<testsuite errors="0" failures="0" hostname="MADNB3266" name="GoogleSearchTest" skipped="0" tests="1" time="6.843" timestamp="2018-04-11T15:25:20">
  <properties>
[...]
</properties>
  <testcase classname="GoogleSearchTest" name="testGoogleSearch" time="6.409" />
  <system-out><![CDATA[]]></system-out>
  <system-err><![CDATA[Apr 11, 2018 5:25:21 PM org.openqa.selenium.phantomjs.PhantomJSDriverService <init>
INFO: executable: C:\Users\anna.zhuravleva\Documents\Alrquitectura\phantom\phantomjs-2.1.1-windows\bin\phantomjs.exe
Apr 11, 2018 5:25:21 PM org.openqa.selenium.phantomjs.PhantomJSDriverService <init>
INFO: port: 10053
Apr 11, 2018 5:25:21 PM org.openqa.selenium.phantomjs.PhantomJSDriverService <init>
INFO: arguments: [--webdriver=10053, --webdriver-logfile=C:\Users\anna.zhuravleva\Documents\workspaceEclipse\SeleniumWebDriver\phantomjsdriver.log]
Apr 11, 2018 5:25:21 PM org.openqa.selenium.phantomjs.PhantomJSDriverService <init>
INFO: environment: {}
[INFO  - 2018-04-11T15:25:25.229Z] GhostDriver - Main - running on port 10053
[INFO  - 2018-04-11T15:25:26.301Z] Session [8f492c50-3d9c-11e8-a0fe-cbbc4b496019] - page.settings - {"XSSAuditingEnabled":false,"javascriptCanCloseWindows":true,"javascriptCanOpenWindows":true,"javascriptEnabled":true,"loadImages":true,"localToRemoteUrlAccessEnabled":false,"userAgent":"Mozilla/5.0 (Windows NT 6.2; WOW64) AppleWebKit/538.1 (KHTML, like Gecko) PhantomJS/2.1.1 Safari/538.1","webSecurityEnabled":true}
[INFO  - 2018-04-11T15:25:26.301Z] Session [8f492c50-3d9c-11e8-a0fe-cbbc4b496019] - page.customHeaders:  - {}
[INFO  - 2018-04-11T15:25:26.304Z] Session [8f492c50-3d9c-11e8-a0fe-cbbc4b496019] - Session.negotiatedCapabilities - {"browserName":"phantomjs","version":"2.1.1","driverName":"ghostdriver","driverVersion":"1.2.0","platform":"windows-10-32bit","javascriptEnabled":true,"takesScreenshot":true,"handlesAlerts":false,"databaseEnabled":false,"locationContextEnabled":false,"applicationCacheEnabled":false,"browserConnectionEnabled":false,"cssSelectorsEnabled":true,"webStorageEnabled":false,"rotatable":false,"acceptSslCerts":false,"nativeEvents":true,"proxy":{"proxyType":"direct"}}
[INFO  - 2018-04-11T15:25:26.304Z] SessionManagerReqHand - _postNewSessionCommand - New Session Created: 8f492c50-3d9c-11e8-a0fe-cbbc4b496019
Apr 11, 2018 5:25:26 PM org.openqa.selenium.remote.ProtocolHandshake createSession
INFO: Detected dialect: OSS
[INFO  - 2018-04-11T15:25:27.324Z] ShutdownReqHand - _handle - About to shutdown
]]></system-err>
</testsuite>
