<?xml version="1.0" encoding="UTF-8" standalone="yes"?><!DOCTYPE report PUBLIC "-//JACOCO//DTD Report 1.0//EN" "report.dtd"><report name="JaCoCo Ant Example"><sessioninfo id="MADNB3266-b4697576" start="1523446088902" dump="1523446090098"/><sessioninfo id="MADNB3266-a402bca9" start="1523446243258" dump="1523446244192"/><sessioninfo id="MADNB3266-62bdf8f1" start="1523446482187" dump="1523446483183"/><sessioninfo id="MADNB3266-ac116968" start="1523446512103" dump="1523446513039"/><sessioninfo id="MADNB3266-bd0b0e50" start="1523446624913" dump="1523446626612"/><sessioninfo id="MADNB3266-16aca999" start="1523447135033" dump="1523447136258"/><sessioninfo id="MADNB3266-6e438841" start="1523447918658" dump="1523447920424"/><sessioninfo id="MADNB3266-6271d1ec" start="1523457844557" dump="1523457846045"/><sessioninfo id="MADNB3266-8bc72bfb" start="1523459001221" dump="1523459002720"/><sessioninfo id="MADNB3266-86dc2d1d" start="1523459117007" dump="1523459118340"/><sessioninfo id="MADNB3266-9e9c718c" start="1523459740643" dump="1523459741921"/><sessioninfo id="MADNB3266-8674bf57" start="1523460319692" dump="1523460327446"/></report>